INFO:     Started server process [76309]
INFO:     Waiting for application startup.
Secure MCP Filesystem Server running on stdio
Updated allowed directories from MCP roots: 2 valid directories
INFO:     Application startup complete.
INFO:     Uvicorn running on http://0.0.0.0:8001 (Press CTRL+C to quit)
Starting MCP Manager...
Connected to Obsidian MCP server.
Connected to Filesystem MCP server.
Scanning for tools in /Users/joshua/my-docs/code/elocuency-v3/workspace/tools...
Loading tool module: echo from /Users/joshua/my-docs/code/elocuency-v3/workspace/tools/echo.py
  Found tool: echo_tool
Binding 30 tools (27 MCP, 1 local) to AI adapter.
INFO:     127.0.0.1:63426 - "GET /agent/output_schema HTTP/1.1" 200 OK
ERROR:    Exception in ASGI application
  + Exception Group Traceback (most recent call last):
  |   File "/Users/joshua/my-docs/code/elocuency-v3/apps/elo-server/venv/lib/python3.10/site-packages/starlette/_utils.py", line 87, in collapse_excgroups
  |     yield
  |   File "/Users/joshua/my-docs/code/elocuency-v3/apps/elo-server/venv/lib/python3.10/site-packages/starlette/middleware/base.py", line 190, in __call__
  |     async with anyio.create_task_group() as task_group:
  |   File "/Users/joshua/my-docs/code/elocuency-v3/apps/elo-server/venv/lib/python3.10/site-packages/anyio/_backends/_asyncio.py", line 783, in __aexit__
  |     raise BaseExceptionGroup(
  | exceptiongroup.ExceptionGroup: unhandled errors in a TaskGroup (1 sub-exception)
  +-+---------------- 1 ----------------
    | Traceback (most recent call last):
    |   File "/Users/joshua/my-docs/code/elocuency-v3/apps/elo-server/venv/lib/python3.10/site-packages/uvicorn/protocols/http/httptools_impl.py", line 416, in run_asgi
    |     result = await app(  # type: ignore[func-returns-value]
    |   File "/Users/joshua/my-docs/code/elocuency-v3/apps/elo-server/venv/lib/python3.10/site-packages/uvicorn/middleware/proxy_headers.py", line 60, in __call__
    |     return await self.app(scope, receive, send)
    |   File "/Users/joshua/my-docs/code/elocuency-v3/apps/elo-server/venv/lib/python3.10/site-packages/fastapi/applications.py", line 1054, in __call__
    |     await super().__call__(scope, receive, send)
    |   File "/Users/joshua/my-docs/code/elocuency-v3/apps/elo-server/venv/lib/python3.10/site-packages/starlette/applications.py", line 123, in __call__
    |     await self.middleware_stack(scope, receive, send)
    |   File "/Users/joshua/my-docs/code/elocuency-v3/apps/elo-server/venv/lib/python3.10/site-packages/starlette/middleware/errors.py", line 186, in __call__
    |     raise exc
    |   File "/Users/joshua/my-docs/code/elocuency-v3/apps/elo-server/venv/lib/python3.10/site-packages/starlette/middleware/errors.py", line 164, in __call__
    |     await self.app(scope, receive, _send)
    |   File "/Users/joshua/my-docs/code/elocuency-v3/apps/elo-server/venv/lib/python3.10/site-packages/starlette/middleware/base.py", line 189, in __call__
    |     with collapse_excgroups():
    |   File "/Library/Frameworks/Python.framework/Versions/3.10/lib/python3.10/contextlib.py", line 153, in __exit__
    |     self.gen.throw(typ, value, traceback)
    |   File "/Users/joshua/my-docs/code/elocuency-v3/apps/elo-server/venv/lib/python3.10/site-packages/starlette/_utils.py", line 93, in collapse_excgroups
    |     raise exc
    |   File "/Users/joshua/my-docs/code/elocuency-v3/apps/elo-server/venv/lib/python3.10/site-packages/starlette/middleware/base.py", line 192, in __call__
    |     await response(scope, wrapped_receive, send)
    |   File "/Users/joshua/my-docs/code/elocuency-v3/apps/elo-server/venv/lib/python3.10/site-packages/starlette/responses.py", line 158, in __call__
    |     await send({"type": "http.response.body", "body": self.body})
    |   File "/Users/joshua/my-docs/code/elocuency-v3/apps/elo-server/venv/lib/python3.10/site-packages/starlette/middleware/errors.py", line 161, in _send
    |     await send(message)
    |   File "/Users/joshua/my-docs/code/elocuency-v3/apps/elo-server/venv/lib/python3.10/site-packages/uvicorn/protocols/http/httptools_impl.py", line 543, in send
    |     raise RuntimeError("Response content longer than Content-Length")
    | RuntimeError: Response content longer than Content-Length
    +------------------------------------

During handling of the above exception, another exception occurred:

Traceback (most recent call last):
  File "/Users/joshua/my-docs/code/elocuency-v3/apps/elo-server/venv/lib/python3.10/site-packages/uvicorn/protocols/http/httptools_impl.py", line 416, in run_asgi
    result = await app(  # type: ignore[func-returns-value]
  File "/Users/joshua/my-docs/code/elocuency-v3/apps/elo-server/venv/lib/python3.10/site-packages/uvicorn/middleware/proxy_headers.py", line 60, in __call__
    return await self.app(scope, receive, send)
  File "/Users/joshua/my-docs/code/elocuency-v3/apps/elo-server/venv/lib/python3.10/site-packages/fastapi/applications.py", line 1054, in __call__
    await super().__call__(scope, receive, send)
  File "/Users/joshua/my-docs/code/elocuency-v3/apps/elo-server/venv/lib/python3.10/site-packages/starlette/applications.py", line 123, in __call__
    await self.middleware_stack(scope, receive, send)
  File "/Users/joshua/my-docs/code/elocuency-v3/apps/elo-server/venv/lib/python3.10/site-packages/starlette/middleware/errors.py", line 186, in __call__
    raise exc
  File "/Users/joshua/my-docs/code/elocuency-v3/apps/elo-server/venv/lib/python3.10/site-packages/starlette/middleware/errors.py", line 164, in __call__
    await self.app(scope, receive, _send)
  File "/Users/joshua/my-docs/code/elocuency-v3/apps/elo-server/venv/lib/python3.10/site-packages/starlette/middleware/base.py", line 189, in __call__
    with collapse_excgroups():
  File "/Library/Frameworks/Python.framework/Versions/3.10/lib/python3.10/contextlib.py", line 153, in __exit__
    self.gen.throw(typ, value, traceback)
  File "/Users/joshua/my-docs/code/elocuency-v3/apps/elo-server/venv/lib/python3.10/site-packages/starlette/_utils.py", line 93, in collapse_excgroups
    raise exc
  File "/Users/joshua/my-docs/code/elocuency-v3/apps/elo-server/venv/lib/python3.10/site-packages/starlette/middleware/base.py", line 192, in __call__
    await response(scope, wrapped_receive, send)
  File "/Users/joshua/my-docs/code/elocuency-v3/apps/elo-server/venv/lib/python3.10/site-packages/starlette/responses.py", line 158, in __call__
    await send({"type": "http.response.body", "body": self.body})
  File "/Users/joshua/my-docs/code/elocuency-v3/apps/elo-server/venv/lib/python3.10/site-packages/starlette/middleware/errors.py", line 161, in _send
    await send(message)
  File "/Users/joshua/my-docs/code/elocuency-v3/apps/elo-server/venv/lib/python3.10/site-packages/uvicorn/protocols/http/httptools_impl.py", line 543, in send
    raise RuntimeError("Response content longer than Content-Length")
RuntimeError: Response content longer than Content-Length
INFO:     127.0.0.1:63430 - "GET /agent/output_schema HTTP/1.1" 200 OK
ERROR:    Exception in ASGI application
  + Exception Group Traceback (most recent call last):
  |   File "/Users/joshua/my-docs/code/elocuency-v3/apps/elo-server/venv/lib/python3.10/site-packages/starlette/_utils.py", line 87, in collapse_excgroups
  |     yield
  |   File "/Users/joshua/my-docs/code/elocuency-v3/apps/elo-server/venv/lib/python3.10/site-packages/starlette/middleware/base.py", line 190, in __call__
  |     async with anyio.create_task_group() as task_group:
  |   File "/Users/joshua/my-docs/code/elocuency-v3/apps/elo-server/venv/lib/python3.10/site-packages/anyio/_backends/_asyncio.py", line 783, in __aexit__
  |     raise BaseExceptionGroup(
  | exceptiongroup.ExceptionGroup: unhandled errors in a TaskGroup (1 sub-exception)
  +-+---------------- 1 ----------------
    | Traceback (most recent call last):
    |   File "/Users/joshua/my-docs/code/elocuency-v3/apps/elo-server/venv/lib/python3.10/site-packages/uvicorn/protocols/http/httptools_impl.py", line 416, in run_asgi
    |     result = await app(  # type: ignore[func-returns-value]
    |   File "/Users/joshua/my-docs/code/elocuency-v3/apps/elo-server/venv/lib/python3.10/site-packages/uvicorn/middleware/proxy_headers.py", line 60, in __call__
    |     return await self.app(scope, receive, send)
    |   File "/Users/joshua/my-docs/code/elocuency-v3/apps/elo-server/venv/lib/python3.10/site-packages/fastapi/applications.py", line 1054, in __call__
    |     await super().__call__(scope, receive, send)
    |   File "/Users/joshua/my-docs/code/elocuency-v3/apps/elo-server/venv/lib/python3.10/site-packages/starlette/applications.py", line 123, in __call__
    |     await self.middleware_stack(scope, receive, send)
    |   File "/Users/joshua/my-docs/code/elocuency-v3/apps/elo-server/venv/lib/python3.10/site-packages/starlette/middleware/errors.py", line 186, in __call__
    |     raise exc
    |   File "/Users/joshua/my-docs/code/elocuency-v3/apps/elo-server/venv/lib/python3.10/site-packages/starlette/middleware/errors.py", line 164, in __call__
    |     await self.app(scope, receive, _send)
    |   File "/Users/joshua/my-docs/code/elocuency-v3/apps/elo-server/venv/lib/python3.10/site-packages/starlette/middleware/base.py", line 189, in __call__
    |     with collapse_excgroups():
    |   File "/Library/Frameworks/Python.framework/Versions/3.10/lib/python3.10/contextlib.py", line 153, in __exit__
    |     self.gen.throw(typ, value, traceback)
    |   File "/Users/joshua/my-docs/code/elocuency-v3/apps/elo-server/venv/lib/python3.10/site-packages/starlette/_utils.py", line 93, in collapse_excgroups
    |     raise exc
    |   File "/Users/joshua/my-docs/code/elocuency-v3/apps/elo-server/venv/lib/python3.10/site-packages/starlette/middleware/base.py", line 192, in __call__
    |     await response(scope, wrapped_receive, send)
    |   File "/Users/joshua/my-docs/code/elocuency-v3/apps/elo-server/venv/lib/python3.10/site-packages/starlette/responses.py", line 158, in __call__
    |     await send({"type": "http.response.body", "body": self.body})
    |   File "/Users/joshua/my-docs/code/elocuency-v3/apps/elo-server/venv/lib/python3.10/site-packages/starlette/middleware/errors.py", line 161, in _send
    |     await send(message)
    |   File "/Users/joshua/my-docs/code/elocuency-v3/apps/elo-server/venv/lib/python3.10/site-packages/uvicorn/protocols/http/httptools_impl.py", line 543, in send
    |     raise RuntimeError("Response content longer than Content-Length")
    | RuntimeError: Response content longer than Content-Length
    +------------------------------------

During handling of the above exception, another exception occurred:

Traceback (most recent call last):
  File "/Users/joshua/my-docs/code/elocuency-v3/apps/elo-server/venv/lib/python3.10/site-packages/uvicorn/protocols/http/httptools_impl.py", line 416, in run_asgi
    result = await app(  # type: ignore[func-returns-value]
  File "/Users/joshua/my-docs/code/elocuency-v3/apps/elo-server/venv/lib/python3.10/site-packages/uvicorn/middleware/proxy_headers.py", line 60, in __call__
    return await self.app(scope, receive, send)
  File "/Users/joshua/my-docs/code/elocuency-v3/apps/elo-server/venv/lib/python3.10/site-packages/fastapi/applications.py", line 1054, in __call__
    await super().__call__(scope, receive, send)
  File "/Users/joshua/my-docs/code/elocuency-v3/apps/elo-server/venv/lib/python3.10/site-packages/starlette/applications.py", line 123, in __call__
    await self.middleware_stack(scope, receive, send)
  File "/Users/joshua/my-docs/code/elocuency-v3/apps/elo-server/venv/lib/python3.10/site-packages/starlette/middleware/errors.py", line 186, in __call__
    raise exc
  File "/Users/joshua/my-docs/code/elocuency-v3/apps/elo-server/venv/lib/python3.10/site-packages/starlette/middleware/errors.py", line 164, in __call__
    await self.app(scope, receive, _send)
  File "/Users/joshua/my-docs/code/elocuency-v3/apps/elo-server/venv/lib/python3.10/site-packages/starlette/middleware/base.py", line 189, in __call__
    with collapse_excgroups():
  File "/Library/Frameworks/Python.framework/Versions/3.10/lib/python3.10/contextlib.py", line 153, in __exit__
    self.gen.throw(typ, value, traceback)
  File "/Users/joshua/my-docs/code/elocuency-v3/apps/elo-server/venv/lib/python3.10/site-packages/starlette/_utils.py", line 93, in collapse_excgroups
    raise exc
  File "/Users/joshua/my-docs/code/elocuency-v3/apps/elo-server/venv/lib/python3.10/site-packages/starlette/middleware/base.py", line 192, in __call__
    await response(scope, wrapped_receive, send)
  File "/Users/joshua/my-docs/code/elocuency-v3/apps/elo-server/venv/lib/python3.10/site-packages/starlette/responses.py", line 158, in __call__
    await send({"type": "http.response.body", "body": self.body})
  File "/Users/joshua/my-docs/code/elocuency-v3/apps/elo-server/venv/lib/python3.10/site-packages/starlette/middleware/errors.py", line 161, in _send
    await send(message)
  File "/Users/joshua/my-docs/code/elocuency-v3/apps/elo-server/venv/lib/python3.10/site-packages/uvicorn/protocols/http/httptools_impl.py", line 543, in send
    raise RuntimeError("Response content longer than Content-Length")
RuntimeError: Response content longer than Content-Length
