{"/Users/joshua/my-docs/code/elocuency-v3/libs/core-ts/src/Adapters/GoogleGeminiAdapter/GoogleGeminiAdapter.ts": {"path":"/Users/joshua/my-docs/code/elocuency-v3/libs/core-ts/src/Adapters/GoogleGeminiAdapter/GoogleGeminiAdapter.ts","statementMap":{"0":{"start":{"line":9,"column":26},"end":{"line":9,"column":null}},"1":{"start":{"line":10,"column":38},"end":{"line":14,"column":null}},"2":{"start":{"line":15,"column":41},"end":{"line":17,"column":null}},"3":{"start":{"line":21,"column":2},"end":{"line":21,"column":null}},"4":{"start":{"line":24,"column":4},"end":{"line":24,"column":null}},"5":{"start":{"line":34,"column":23},"end":{"line":34,"column":null}},"6":{"start":{"line":35,"column":4},"end":{"line":35,"column":null}},"7":{"start":{"line":39,"column":20},"end":{"line":43,"column":null}},"8":{"start":{"line":45,"column":4},"end":{"line":45,"column":null}},"9":{"start":{"line":45,"column":18},"end":{"line":45,"column":null}},"10":{"start":{"line":47,"column":22},"end":{"line":47,"column":null}},"11":{"start":{"line":50,"column":4},"end":{"line":59,"column":null}},"12":{"start":{"line":51,"column":6},"end":{"line":51,"column":null}},"13":{"start":{"line":53,"column":6},"end":{"line":57,"column":null}},"14":{"start":{"line":58,"column":6},"end":{"line":58,"column":null}},"15":{"start":{"line":61,"column":4},"end":{"line":63,"column":null}},"16":{"start":{"line":62,"column":6},"end":{"line":62,"column":null}},"17":{"start":{"line":65,"column":25},"end":{"line":65,"column":null}},"18":{"start":{"line":67,"column":6},"end":{"line":69,"column":null}},"19":{"start":{"line":70,"column":29},"end":{"line":70,"column":null}},"20":{"start":{"line":72,"column":6},"end":{"line":76,"column":null}},"21":{"start":{"line":78,"column":4},"end":{"line":81,"column":null}},"22":{"start":{"line":91,"column":23},"end":{"line":91,"column":null}},"23":{"start":{"line":92,"column":4},"end":{"line":92,"column":null}},"24":{"start":{"line":102,"column":23},"end":{"line":102,"column":null}},"25":{"start":{"line":103,"column":20},"end":{"line":103,"column":null}},"26":{"start":{"line":105,"column":4},"end":{"line":105,"column":null}},"27":{"start":{"line":105,"column":18},"end":{"line":105,"column":null}},"28":{"start":{"line":107,"column":22},"end":{"line":107,"column":null}},"29":{"start":{"line":109,"column":4},"end":{"line":118,"column":null}},"30":{"start":{"line":110,"column":6},"end":{"line":110,"column":null}},"31":{"start":{"line":112,"column":6},"end":{"line":116,"column":null}},"32":{"start":{"line":117,"column":6},"end":{"line":117,"column":null}},"33":{"start":{"line":128,"column":23},"end":{"line":128,"column":null}},"34":{"start":{"line":129,"column":4},"end":{"line":133,"column":null}},"35":{"start":{"line":149,"column":4},"end":{"line":155,"column":null}},"36":{"start":{"line":150,"column":18},"end":{"line":152,"column":null}},"37":{"start":{"line":153,"column":6},"end":{"line":153,"column":null}},"38":{"start":{"line":154,"column":6},"end":{"line":154,"column":null}},"39":{"start":{"line":157,"column":4},"end":{"line":181,"column":null}},"40":{"start":{"line":158,"column":21},"end":{"line":158,"column":null}},"41":{"start":{"line":159,"column":23},"end":{"line":172,"column":null}},"42":{"start":{"line":173,"column":6},"end":{"line":173,"column":null}},"43":{"start":{"line":175,"column":22},"end":{"line":175,"column":null}},"44":{"start":{"line":176,"column":6},"end":{"line":176,"column":null}},"45":{"start":{"line":178,"column":6},"end":{"line":178,"column":null}},"46":{"start":{"line":179,"column":6},"end":{"line":179,"column":null}},"47":{"start":{"line":180,"column":6},"end":{"line":180,"column":null}},"48":{"start":{"line":190,"column":4},"end":{"line":192,"column":null}},"49":{"start":{"line":191,"column":6},"end":{"line":191,"column":null}},"50":{"start":{"line":194,"column":4},"end":{"line":194,"column":null}},"51":{"start":{"line":195,"column":4},"end":{"line":195,"column":null}},"52":{"start":{"line":206,"column":6},"end":{"line":206,"column":null}},"53":{"start":{"line":207,"column":4},"end":{"line":209,"column":null}},"54":{"start":{"line":208,"column":6},"end":{"line":208,"column":null}},"55":{"start":{"line":211,"column":23},"end":{"line":211,"column":null}},"56":{"start":{"line":212,"column":4},"end":{"line":214,"column":null}},"57":{"start":{"line":213,"column":6},"end":{"line":213,"column":null}},"58":{"start":{"line":216,"column":18},"end":{"line":216,"column":null}},"59":{"start":{"line":217,"column":4},"end":{"line":219,"column":null}},"60":{"start":{"line":218,"column":6},"end":{"line":218,"column":null}},"61":{"start":{"line":221,"column":4},"end":{"line":224,"column":null}},"62":{"start":{"line":222,"column":22},"end":{"line":222,"column":69}},"63":{"start":{"line":235,"column":23},"end":{"line":235,"column":null}},"64":{"start":{"line":236,"column":4},"end":{"line":238,"column":null}},"65":{"start":{"line":237,"column":6},"end":{"line":237,"column":null}},"66":{"start":{"line":241,"column":23},"end":{"line":241,"column":null}},"67":{"start":{"line":242,"column":22},"end":{"line":242,"column":null}},"68":{"start":{"line":243,"column":25},"end":{"line":243,"column":null}},"69":{"start":{"line":244,"column":24},"end":{"line":244,"column":null}},"70":{"start":{"line":248,"column":16},"end":{"line":248,"column":null}},"71":{"start":{"line":249,"column":14},"end":{"line":249,"column":null}},"72":{"start":{"line":252,"column":4},"end":{"line":258,"column":null}},"73":{"start":{"line":253,"column":6},"end":{"line":253,"column":null}},"74":{"start":{"line":254,"column":6},"end":{"line":254,"column":null}},"75":{"start":{"line":255,"column":4},"end":{"line":258,"column":null}},"76":{"start":{"line":256,"column":6},"end":{"line":256,"column":null}},"77":{"start":{"line":257,"column":6},"end":{"line":257,"column":null}},"78":{"start":{"line":260,"column":4},"end":{"line":262,"column":null}},"79":{"start":{"line":261,"column":6},"end":{"line":261,"column":null}},"80":{"start":{"line":264,"column":4},"end":{"line":264,"column":null}}},"fnMap":{"0":{"name":"(anonymous_0)","decl":{"start":{"line":23,"column":2},"end":{"line":23,"column":14}},"loc":{"start":{"line":23,"column":30},"end":{"line":25,"column":null}},"line":23},"1":{"name":"(anonymous_1)","decl":{"start":{"line":33,"column":8},"end":{"line":33,"column":26}},"loc":{"start":{"line":33,"column":74},"end":{"line":82,"column":null}},"line":33},"2":{"name":"(anonymous_2)","decl":{"start":{"line":90,"column":8},"end":{"line":90,"column":16}},"loc":{"start":{"line":90,"column":59},"end":{"line":93,"column":null}},"line":90},"3":{"name":"(anonymous_3)","decl":{"start":{"line":101,"column":8},"end":{"line":101,"column":20}},"loc":{"start":{"line":101,"column":60},"end":{"line":119,"column":null}},"line":101},"4":{"name":"(anonymous_4)","decl":{"start":{"line":127,"column":8},"end":{"line":127,"column":27}},"loc":{"start":{"line":127,"column":70},"end":{"line":134,"column":null}},"line":127},"5":{"name":"(anonymous_5)","decl":{"start":{"line":144,"column":16},"end":{"line":144,"column":null}},"loc":{"start":{"line":148,"column":28},"end":{"line":182,"column":null}},"line":148},"6":{"name":"(anonymous_6)","decl":{"start":{"line":189,"column":10},"end":{"line":189,"column":41}},"loc":{"start":{"line":189,"column":41},"end":{"line":196,"column":null}},"line":189},"7":{"name":"(anonymous_7)","decl":{"start":{"line":204,"column":10},"end":{"line":204,"column":22}},"loc":{"start":{"line":204,"column":65},"end":{"line":225,"column":null}},"line":204},"8":{"name":"(anonymous_8)","decl":{"start":{"line":222,"column":11},"end":{"line":222,"column":12}},"loc":{"start":{"line":222,"column":22},"end":{"line":222,"column":69}},"line":222},"9":{"name":"(anonymous_9)","decl":{"start":{"line":233,"column":10},"end":{"line":233,"column":24}},"loc":{"start":{"line":233,"column":46},"end":{"line":265,"column":null}},"line":233}},"branchMap":{"0":{"loc":{"start":{"line":45,"column":4},"end":{"line":45,"column":null}},"type":"if","locations":[{"start":{"line":45,"column":4},"end":{"line":45,"column":null}},{"start":{},"end":{}}],"line":45},"1":{"loc":{"start":{"line":61,"column":4},"end":{"line":63,"column":null}},"type":"if","locations":[{"start":{"line":61,"column":4},"end":{"line":63,"column":null}},{"start":{},"end":{}}],"line":61},"2":{"loc":{"start":{"line":61,"column":8},"end":{"line":61,"column":47}},"type":"binary-expr","locations":[{"start":{"line":61,"column":8},"end":{"line":61,"column":19}},{"start":{"line":61,"column":19},"end":{"line":61,"column":47}}],"line":61},"3":{"loc":{"start":{"line":67,"column":6},"end":{"line":69,"column":null}},"type":"cond-expr","locations":[{"start":{"line":68,"column":10},"end":{"line":68,"column":null}},{"start":{"line":69,"column":10},"end":{"line":69,"column":null}}],"line":67},"4":{"loc":{"start":{"line":72,"column":6},"end":{"line":76,"column":null}},"type":"cond-expr","locations":[{"start":{"line":75,"column":11},"end":{"line":75,"column":null}},{"start":{"line":76,"column":10},"end":{"line":76,"column":null}}],"line":72},"5":{"loc":{"start":{"line":72,"column":6},"end":{"line":74,"column":null}},"type":"binary-expr","locations":[{"start":{"line":72,"column":6},"end":{"line":72,"column":null}},{"start":{"line":73,"column":8},"end":{"line":73,"column":null}},{"start":{"line":74,"column":8},"end":{"line":74,"column":null}}],"line":72},"6":{"loc":{"start":{"line":105,"column":4},"end":{"line":105,"column":null}},"type":"if","locations":[{"start":{"line":105,"column":4},"end":{"line":105,"column":null}},{"start":{},"end":{}}],"line":105},"7":{"loc":{"start":{"line":149,"column":4},"end":{"line":155,"column":null}},"type":"if","locations":[{"start":{"line":149,"column":4},"end":{"line":155,"column":null}},{"start":{},"end":{}}],"line":149},"8":{"loc":{"start":{"line":150,"column":18},"end":{"line":152,"column":null}},"type":"cond-expr","locations":[{"start":{"line":151,"column":10},"end":{"line":151,"column":null}},{"start":{"line":152,"column":10},"end":{"line":152,"column":null}}],"line":150},"9":{"loc":{"start":{"line":176,"column":13},"end":{"line":176,"column":null}},"type":"binary-expr","locations":[{"start":{"line":176,"column":13},"end":{"line":176,"column":24}},{"start":{"line":176,"column":24},"end":{"line":176,"column":null}}],"line":176},"10":{"loc":{"start":{"line":190,"column":4},"end":{"line":192,"column":null}},"type":"if","locations":[{"start":{"line":190,"column":4},"end":{"line":192,"column":null}},{"start":{},"end":{}}],"line":190},"11":{"loc":{"start":{"line":206,"column":6},"end":{"line":206,"column":null}},"type":"cond-expr","locations":[{"start":{"line":206,"column":42},"end":{"line":206,"column":65}},{"start":{"line":206,"column":65},"end":{"line":206,"column":null}}],"line":206},"12":{"loc":{"start":{"line":207,"column":4},"end":{"line":209,"column":null}},"type":"if","locations":[{"start":{"line":207,"column":4},"end":{"line":209,"column":null}},{"start":{},"end":{}}],"line":207},"13":{"loc":{"start":{"line":212,"column":4},"end":{"line":214,"column":null}},"type":"if","locations":[{"start":{"line":212,"column":4},"end":{"line":214,"column":null}},{"start":{},"end":{}}],"line":212},"14":{"loc":{"start":{"line":212,"column":8},"end":{"line":212,"column":63}},"type":"binary-expr","locations":[{"start":{"line":212,"column":8},"end":{"line":212,"column":38}},{"start":{"line":212,"column":38},"end":{"line":212,"column":63}}],"line":212},"15":{"loc":{"start":{"line":217,"column":4},"end":{"line":219,"column":null}},"type":"if","locations":[{"start":{"line":217,"column":4},"end":{"line":219,"column":null}},{"start":{},"end":{}}],"line":217},"16":{"loc":{"start":{"line":222,"column":22},"end":{"line":222,"column":69}},"type":"cond-expr","locations":[{"start":{"line":222,"column":54},"end":{"line":222,"column":66}},{"start":{"line":222,"column":66},"end":{"line":222,"column":69}}],"line":222},"17":{"loc":{"start":{"line":236,"column":4},"end":{"line":238,"column":null}},"type":"if","locations":[{"start":{"line":236,"column":4},"end":{"line":238,"column":null}},{"start":{},"end":{}}],"line":236},"18":{"loc":{"start":{"line":252,"column":4},"end":{"line":258,"column":null}},"type":"if","locations":[{"start":{"line":252,"column":4},"end":{"line":258,"column":null}},{"start":{"line":255,"column":4},"end":{"line":258,"column":null}}],"line":252},"19":{"loc":{"start":{"line":252,"column":8},"end":{"line":252,"column":81}},"type":"binary-expr","locations":[{"start":{"line":252,"column":8},"end":{"line":252,"column":30}},{"start":{"line":252,"column":30},"end":{"line":252,"column":53}},{"start":{"line":252,"column":53},"end":{"line":252,"column":81}}],"line":252},"20":{"loc":{"start":{"line":255,"column":4},"end":{"line":258,"column":null}},"type":"if","locations":[{"start":{"line":255,"column":4},"end":{"line":258,"column":null}},{"start":{},"end":{}}],"line":255},"21":{"loc":{"start":{"line":260,"column":4},"end":{"line":262,"column":null}},"type":"if","locations":[{"start":{"line":260,"column":4},"end":{"line":262,"column":null}},{"start":{},"end":{}}],"line":260},"22":{"loc":{"start":{"line":260,"column":8},"end":{"line":260,"column":51}},"type":"binary-expr","locations":[{"start":{"line":260,"column":8},"end":{"line":260,"column":24}},{"start":{"line":260,"column":24},"end":{"line":260,"column":38}},{"start":{"line":260,"column":38},"end":{"line":260,"column":51}}],"line":260}},"s":{"0":1,"1":1,"2":1,"3":7,"4":7,"5":7,"6":7,"7":7,"8":7,"9":0,"10":7,"11":7,"12":7,"13":1,"14":1,"15":6,"16":0,"17":6,"18":6,"19":7,"20":7,"21":7,"22":0,"23":0,"24":0,"25":0,"26":0,"27":0,"28":0,"29":0,"30":0,"31":0,"32":0,"33":0,"34":0,"35":7,"36":0,"37":0,"38":0,"39":7,"40":7,"41":7,"42":7,"43":7,"44":7,"45":0,"46":0,"47":0,"48":7,"49":0,"50":7,"51":7,"52":7,"53":7,"54":0,"55":7,"56":7,"57":0,"58":7,"59":7,"60":0,"61":7,"62":7,"63":7,"64":7,"65":3,"66":4,"67":4,"68":4,"69":4,"70":4,"71":4,"72":4,"73":4,"74":4,"75":0,"76":0,"77":0,"78":4,"79":3,"80":1},"f":{"0":7,"1":7,"2":0,"3":0,"4":0,"5":7,"6":7,"7":7,"8":7,"9":7},"b":{"0":[0,7],"1":[0,6],"2":[6,6],"3":[6,0],"4":[2,4],"5":[7,2,2],"6":[0,0],"7":[0,7],"8":[0,0],"9":[7,0],"10":[0,7],"11":[0,7],"12":[0,7],"13":[0,7],"14":[7,7],"15":[0,7],"16":[7,0],"17":[3,4],"18":[4,0],"19":[4,4,1],"20":[0,0],"21":[3,1],"22":[4,4,3]},"meta":{"lastBranch":23,"lastFunction":10,"lastStatement":81,"seen":{"s:9:26:9:Infinity":0,"s:10:38:14:Infinity":1,"s:15:41:17:Infinity":2,"f:23:2:23:14":0,"s:21:2:21:Infinity":3,"s:24:4:24:Infinity":4,"f:33:8:33:26":1,"s:34:23:34:Infinity":5,"s:35:4:35:Infinity":6,"s:39:20:43:Infinity":7,"b:45:4:45:Infinity:undefined:undefined:undefined:undefined":0,"s:45:4:45:Infinity":8,"s:45:18:45:Infinity":9,"s:47:22:47:Infinity":10,"s:50:4:59:Infinity":11,"s:51:6:51:Infinity":12,"s:53:6:57:Infinity":13,"s:58:6:58:Infinity":14,"b:61:4:63:Infinity:undefined:undefined:undefined:undefined":1,"s:61:4:63:Infinity":15,"b:61:8:61:19:61:19:61:47":2,"s:62:6:62:Infinity":16,"s:65:25:65:Infinity":17,"s:67:6:69:Infinity":18,"b:68:10:68:Infinity:69:10:69:Infinity":3,"s:70:29:70:Infinity":19,"s:72:6:76:Infinity":20,"b:75:11:75:Infinity:76:10:76:Infinity":4,"b:72:6:72:Infinity:73:8:73:Infinity:74:8:74:Infinity":5,"s:78:4:81:Infinity":21,"f:90:8:90:16":2,"s:91:23:91:Infinity":22,"s:92:4:92:Infinity":23,"f:101:8:101:20":3,"s:102:23:102:Infinity":24,"s:103:20:103:Infinity":25,"b:105:4:105:Infinity:undefined:undefined:undefined:undefined":6,"s:105:4:105:Infinity":26,"s:105:18:105:Infinity":27,"s:107:22:107:Infinity":28,"s:109:4:118:Infinity":29,"s:110:6:110:Infinity":30,"s:112:6:116:Infinity":31,"s:117:6:117:Infinity":32,"f:127:8:127:27":4,"s:128:23:128:Infinity":33,"s:129:4:133:Infinity":34,"f:144:16:144:Infinity":5,"b:149:4:155:Infinity:undefined:undefined:undefined:undefined":7,"s:149:4:155:Infinity":35,"s:150:18:152:Infinity":36,"b:151:10:151:Infinity:152:10:152:Infinity":8,"s:153:6:153:Infinity":37,"s:154:6:154:Infinity":38,"s:157:4:181:Infinity":39,"s:158:21:158:Infinity":40,"s:159:23:172:Infinity":41,"s:173:6:173:Infinity":42,"s:175:22:175:Infinity":43,"s:176:6:176:Infinity":44,"b:176:13:176:24:176:24:176:Infinity":9,"s:178:6:178:Infinity":45,"s:179:6:179:Infinity":46,"s:180:6:180:Infinity":47,"f:189:10:189:41":6,"b:190:4:192:Infinity:undefined:undefined:undefined:undefined":10,"s:190:4:192:Infinity":48,"s:191:6:191:Infinity":49,"s:194:4:194:Infinity":50,"s:195:4:195:Infinity":51,"f:204:10:204:22":7,"s:206:6:206:Infinity":52,"b:206:42:206:65:206:65:206:Infinity":11,"b:207:4:209:Infinity:undefined:undefined:undefined:undefined":12,"s:207:4:209:Infinity":53,"s:208:6:208:Infinity":54,"s:211:23:211:Infinity":55,"b:212:4:214:Infinity:undefined:undefined:undefined:undefined":13,"s:212:4:214:Infinity":56,"b:212:8:212:38:212:38:212:63":14,"s:213:6:213:Infinity":57,"s:216:18:216:Infinity":58,"b:217:4:219:Infinity:undefined:undefined:undefined:undefined":15,"s:217:4:219:Infinity":59,"s:218:6:218:Infinity":60,"s:221:4:224:Infinity":61,"f:222:11:222:12":8,"s:222:22:222:69":62,"b:222:54:222:66:222:66:222:69":16,"f:233:10:233:24":9,"s:235:23:235:Infinity":63,"b:236:4:238:Infinity:undefined:undefined:undefined:undefined":17,"s:236:4:238:Infinity":64,"s:237:6:237:Infinity":65,"s:241:23:241:Infinity":66,"s:242:22:242:Infinity":67,"s:243:25:243:Infinity":68,"s:244:24:244:Infinity":69,"s:248:16:248:Infinity":70,"s:249:14:249:Infinity":71,"b:252:4:258:Infinity:255:4:258:Infinity":18,"s:252:4:258:Infinity":72,"b:252:8:252:30:252:30:252:53:252:53:252:81":19,"s:253:6:253:Infinity":73,"s:254:6:254:Infinity":74,"b:255:4:258:Infinity:undefined:undefined:undefined:undefined":20,"s:255:4:258:Infinity":75,"s:256:6:256:Infinity":76,"s:257:6:257:Infinity":77,"b:260:4:262:Infinity:undefined:undefined:undefined:undefined":21,"s:260:4:262:Infinity":78,"b:260:8:260:24:260:24:260:38:260:38:260:51":22,"s:261:6:261:Infinity":79,"s:264:4:264:Infinity":80}}}
,"/Users/joshua/my-docs/code/elocuency-v3/libs/core-ts/src/Domain/Utils/ScoreUtils.ts": {"path":"/Users/joshua/my-docs/code/elocuency-v3/libs/core-ts/src/Domain/Utils/ScoreUtils.ts","statementMap":{"0":{"start":{"line":7,"column":4},"end":{"line":7,"column":null}},"1":{"start":{"line":7,"column":25},"end":{"line":7,"column":null}},"2":{"start":{"line":8,"column":4},"end":{"line":8,"column":null}},"3":{"start":{"line":8,"column":25},"end":{"line":8,"column":null}},"4":{"start":{"line":9,"column":4},"end":{"line":9,"column":null}},"5":{"start":{"line":16,"column":4},"end":{"line":16,"column":null}},"6":{"start":{"line":16,"column":25},"end":{"line":16,"column":null}},"7":{"start":{"line":17,"column":4},"end":{"line":17,"column":null}},"8":{"start":{"line":17,"column":25},"end":{"line":17,"column":null}},"9":{"start":{"line":18,"column":4},"end":{"line":18,"column":null}},"10":{"start":{"line":28,"column":23},"end":{"line":28,"column":null}},"11":{"start":{"line":29,"column":4},"end":{"line":29,"column":null}},"12":{"start":{"line":29,"column":26},"end":{"line":29,"column":null}},"13":{"start":{"line":30,"column":4},"end":{"line":30,"column":null}},"14":{"start":{"line":30,"column":26},"end":{"line":30,"column":null}},"15":{"start":{"line":31,"column":4},"end":{"line":31,"column":null}}},"fnMap":{"0":{"name":"normalizeImportance","decl":{"start":{"line":6,"column":16},"end":{"line":6,"column":36}},"loc":{"start":{"line":6,"column":64},"end":{"line":10,"column":null}},"line":6},"1":{"name":"normalizeDifficulty","decl":{"start":{"line":15,"column":16},"end":{"line":15,"column":36}},"loc":{"start":{"line":15,"column":64},"end":{"line":19,"column":null}},"line":15},"2":{"name":"difficultyToColor","decl":{"start":{"line":27,"column":16},"end":{"line":27,"column":34}},"loc":{"start":{"line":27,"column":62},"end":{"line":32,"column":null}},"line":27}},"branchMap":{"0":{"loc":{"start":{"line":7,"column":4},"end":{"line":7,"column":null}},"type":"if","locations":[{"start":{"line":7,"column":4},"end":{"line":7,"column":null}},{"start":{},"end":{}}],"line":7},"1":{"loc":{"start":{"line":8,"column":4},"end":{"line":8,"column":null}},"type":"if","locations":[{"start":{"line":8,"column":4},"end":{"line":8,"column":null}},{"start":{},"end":{}}],"line":8},"2":{"loc":{"start":{"line":16,"column":4},"end":{"line":16,"column":null}},"type":"if","locations":[{"start":{"line":16,"column":4},"end":{"line":16,"column":null}},{"start":{},"end":{}}],"line":16},"3":{"loc":{"start":{"line":17,"column":4},"end":{"line":17,"column":null}},"type":"if","locations":[{"start":{"line":17,"column":4},"end":{"line":17,"column":null}},{"start":{},"end":{}}],"line":17},"4":{"loc":{"start":{"line":29,"column":4},"end":{"line":29,"column":null}},"type":"if","locations":[{"start":{"line":29,"column":4},"end":{"line":29,"column":null}},{"start":{},"end":{}}],"line":29},"5":{"loc":{"start":{"line":30,"column":4},"end":{"line":30,"column":null}},"type":"if","locations":[{"start":{"line":30,"column":4},"end":{"line":30,"column":null}},{"start":{},"end":{}}],"line":30}},"s":{"0":8,"1":3,"2":5,"3":2,"4":3,"5":14,"6":4,"7":10,"8":4,"9":6,"10":6,"11":6,"12":2,"13":4,"14":4,"15":2},"f":{"0":8,"1":14,"2":6},"b":{"0":[3,5],"1":[2,3],"2":[4,10],"3":[4,6],"4":[2,4],"5":[2,2]},"meta":{"lastBranch":6,"lastFunction":3,"lastStatement":16,"seen":{"f:6:16:6:36":0,"b:7:4:7:Infinity:undefined:undefined:undefined:undefined":0,"s:7:4:7:Infinity":0,"s:7:25:7:Infinity":1,"b:8:4:8:Infinity:undefined:undefined:undefined:undefined":1,"s:8:4:8:Infinity":2,"s:8:25:8:Infinity":3,"s:9:4:9:Infinity":4,"f:15:16:15:36":1,"b:16:4:16:Infinity:undefined:undefined:undefined:undefined":2,"s:16:4:16:Infinity":5,"s:16:25:16:Infinity":6,"b:17:4:17:Infinity:undefined:undefined:undefined:undefined":3,"s:17:4:17:Infinity":7,"s:17:25:17:Infinity":8,"s:18:4:18:Infinity":9,"f:27:16:27:34":2,"s:28:23:28:Infinity":10,"b:29:4:29:Infinity:undefined:undefined:undefined:undefined":4,"s:29:4:29:Infinity":11,"s:29:26:29:Infinity":12,"b:30:4:30:Infinity:undefined:undefined:undefined:undefined":5,"s:30:4:30:Infinity":13,"s:30:26:30:Infinity":14,"s:31:4:31:Infinity":15}}}
}
