TN:
SF:src/Adapters/GoogleGeminiAdapter/GoogleGeminiAdapter.ts
FN:23,(anonymous_0)
FN:33,(anonymous_1)
FN:90,(anonymous_2)
FN:101,(anonymous_3)
FN:127,(anonymous_4)
FN:144,(anonymous_5)
FN:189,(anonymous_6)
FN:204,(anonymous_7)
FN:222,(anonymous_8)
FN:233,(anonymous_9)
FNF:10
FNH:7
FNDA:7,(anonymous_0)
FNDA:7,(anonymous_1)
FNDA:0,(anonymous_2)
FNDA:0,(anonymous_3)
FNDA:0,(anonymous_4)
FNDA:7,(anonymous_5)
FNDA:7,(anonymous_6)
FNDA:7,(anonymous_7)
FNDA:7,(anonymous_8)
FNDA:7,(anonymous_9)
DA:9,1
DA:10,1
DA:15,1
DA:21,7
DA:24,7
DA:34,7
DA:35,7
DA:39,7
DA:45,7
DA:47,7
DA:50,7
DA:51,7
DA:53,1
DA:58,1
DA:61,6
DA:62,0
DA:65,6
DA:67,6
DA:70,7
DA:72,7
DA:78,7
DA:91,0
DA:92,0
DA:102,0
DA:103,0
DA:105,0
DA:107,0
DA:109,0
DA:110,0
DA:112,0
DA:117,0
DA:128,0
DA:129,0
DA:149,7
DA:150,0
DA:153,0
DA:154,0
DA:157,7
DA:158,7
DA:159,7
DA:173,7
DA:175,7
DA:176,7
DA:178,0
DA:179,0
DA:180,0
DA:190,7
DA:191,0
DA:194,7
DA:195,7
DA:206,7
DA:207,7
DA:208,0
DA:211,7
DA:212,7
DA:213,0
DA:216,7
DA:217,7
DA:218,0
DA:221,7
DA:222,7
DA:235,7
DA:236,7
DA:237,3
DA:241,4
DA:242,4
DA:243,4
DA:244,4
DA:248,4
DA:249,4
DA:252,4
DA:253,4
DA:254,4
DA:255,0
DA:256,0
DA:257,0
DA:260,4
DA:261,3
DA:264,1
LF:79
LH:53
BRDA:45,0,0,0
BRDA:45,0,1,7
BRDA:61,1,0,0
BRDA:61,1,1,6
BRDA:61,2,0,6
BRDA:61,2,1,6
BRDA:67,3,0,6
BRDA:67,3,1,0
BRDA:72,4,0,2
BRDA:72,4,1,4
BRDA:72,5,0,7
BRDA:72,5,1,2
BRDA:72,5,2,2
BRDA:105,6,0,0
BRDA:105,6,1,0
BRDA:149,7,0,0
BRDA:149,7,1,7
BRDA:150,8,0,0
BRDA:150,8,1,0
BRDA:176,9,0,7
BRDA:176,9,1,0
BRDA:190,10,0,0
BRDA:190,10,1,7
BRDA:206,11,0,0
BRDA:206,11,1,7
BRDA:207,12,0,0
BRDA:207,12,1,7
BRDA:212,13,0,0
BRDA:212,13,1,7
BRDA:212,14,0,7
BRDA:212,14,1,7
BRDA:217,15,0,0
BRDA:217,15,1,7
BRDA:222,16,0,7
BRDA:222,16,1,0
BRDA:236,17,0,3
BRDA:236,17,1,4
BRDA:252,18,0,4
BRDA:252,18,1,0
BRDA:252,19,0,4
BRDA:252,19,1,4
BRDA:252,19,2,1
BRDA:255,20,0,0
BRDA:255,20,1,0
BRDA:260,21,0,3
BRDA:260,21,1,1
BRDA:260,22,0,4
BRDA:260,22,1,4
BRDA:260,22,2,3
BRF:49
BRH:31
end_of_record
TN:
SF:src/Domain/Utils/ScoreUtils.ts
FN:6,normalizeImportance
FN:15,normalizeDifficulty
FN:27,difficultyToColor
FNF:3
FNH:3
FNDA:8,normalizeImportance
FNDA:14,normalizeDifficulty
FNDA:6,difficultyToColor
DA:7,8
DA:8,5
DA:9,3
DA:16,14
DA:17,10
DA:18,6
DA:28,6
DA:29,6
DA:30,4
DA:31,2
LF:10
LH:10
BRDA:7,0,0,3
BRDA:7,0,1,5
BRDA:8,1,0,2
BRDA:8,1,1,3
BRDA:16,2,0,4
BRDA:16,2,1,10
BRDA:17,3,0,4
BRDA:17,3,1,6
BRDA:29,4,0,2
BRDA:29,4,1,4
BRDA:30,5,0,2
BRDA:30,5,1,2
BRF:12
BRH:12
end_of_record
